<?xml version="1.0" encoding="UTF-8"?>
<!-- Generated by org.testng.reporters.JUnitReportReporter -->
<testsuite skipped="0" hostname="DESKTOP-7E5APTE" name="com.vtiger.comcast.ContactTest.CreateContatcTest" tests="2" failures="0" timestamp="03 Feb 2022 03:46:13 GMT" time="119.926" errors="0">
  <testcase name="CreateContatc" time="58.914" classname="com.vtiger.comcast.ContactTest.CreateContatcTest"/>
  <testcase name="createOrgwithContact" time="61.012" classname="com.vtiger.comcast.ContactTest.CreateContatcTest"/>
</testsuite> <!-- com.vtiger.comcast.ContactTest.CreateContatcTest -->
