<?xml version="1.0" encoding="UTF-8"?>
<!-- Generated by org.testng.reporters.JUnitReportReporter -->
<testsuite skipped="0" hostname="DESKTOP-7E5APTE" name="com.vtiger.comcast.OrganisationTest.CreateOrganisationTest" tests="2" failures="0" timestamp="03 Feb 2022 03:46:13 GMT" time="49.792" errors="0">
  <testcase name="createOrganisationwithIndustry" time="24.588" classname="com.vtiger.comcast.OrganisationTest.CreateOrganisationTest"/>
  <testcase name="createOrganisation" time="25.204" classname="com.vtiger.comcast.OrganisationTest.CreateOrganisationTest"/>
</testsuite> <!-- com.vtiger.comcast.OrganisationTest.CreateOrganisationTest -->
